<?xml version="1.0" encoding="UTF-8"?>
<!-- Generated by org.testng.reporters.JUnitReportReporter -->
<testsuite skipped="0" hostname="Jayarees-MacBook-Pro.local" name="Stepdef.Popbitch.POPSMO15_Wallet_balance_same_on_reading_article" tests="25" failures="1" timestamp="11 Dec 2019 16:34:11 GMT" time="157.396" errors="1">
  <testcase name="i_am_a_user_of_Axate_and_I_am_on_the_registration_page_through_popbitch_FUN" time="7.613" classname="Stepdef.Popbitch.POPSMO15_Wallet_balance_same_on_reading_article"/>
  <testcase name="i_register_successfully_on_popbitch_with_three_pound" time="25.761" classname="Stepdef.Popbitch.POPSMO15_Wallet_balance_same_on_reading_article"/>
  <testcase name="i_read_an_article_on_popbitch" time="14.086" classname="Stepdef.Popbitch.POPSMO15_Wallet_balance_same_on_reading_article"/>
  <testcase name="i_check_in_wallet_balance_on_popbitch" time="4.151" classname="Stepdef.Popbitch.POPSMO15_Wallet_balance_same_on_reading_article"/>
  <testcase name="i_navigate_to_reaction" time="2.827" classname="Stepdef.Popbitch.POPSMO15_Wallet_balance_same_on_reading_article"/>
  <testcase name="i_check_in_wallet_balance_on_reaction" time="4.161" classname="Stepdef.Popbitch.POPSMO15_Wallet_balance_same_on_reading_article"/>
  <testcase name="i_navigate_to_cricketer" time="2.209" classname="Stepdef.Popbitch.POPSMO15_Wallet_balance_same_on_reading_article"/>
  <testcase name="i_check_in_wallet_balance_on_cricketer" time="4.231" classname="Stepdef.Popbitch.POPSMO15_Wallet_balance_same_on_reading_article"/>
  <testcase name="i_navigate_to_cornwall" time="30.359" classname="Stepdef.Popbitch.POPSMO15_Wallet_balance_same_on_reading_article">
    <error type="org.openqa.selenium.NoSuchElementException" message="no such element: Unable to locate element: {&quot;method&quot;:&quot;xpath&quot;,&quot;selector&quot;:&quot;/html/body/div[1]/button&quot;}
  (Session info: chrome=78.0.3904.108)
  (Driver info: chromedriver=2.43.600229 (3fae4d0cda5334b4f533bede5a4787f7b832d052),platform=Mac OS X 10.14.6 x86_64) (WARNING: The server did not provide any stacktrace information)
Command duration or timeout: 0 milliseconds
For documentation on this error, please visit: https://www.seleniumhq.org/exceptions/no_such_element.html
Build info: version: &#039;3.141.59&#039;, revision: &#039;e82be7d358&#039;, time: &#039;2018-11-14T08:17:03&#039;
System info: host: &#039;Jayarees-MacBook-Pro.local&#039;, ip: &#039;fe80:0:0:0:1048:91aa:f103:ddd%en0&#039;, os.name: &#039;Mac OS X&#039;, os.arch: &#039;x86_64&#039;, os.version: &#039;10.14.6&#039;, java.version: &#039;1.8.0_191&#039;
Driver info: org.openqa.selenium.chrome.ChromeDriver
Capabilities {acceptInsecureCerts: false, acceptSslCerts: false, applicationCacheEnabled: false, browserConnectionEnabled: false, browserName: chrome, chrome: {chromedriverVersion: 2.43.600229 (3fae4d0cda5334..., userDataDir: /var/folders/s6/h3svzd2j4f3...}, cssSelectorsEnabled: true, databaseEnabled: false, goog:chromeOptions: {debuggerAddress: localhost:61927}, handlesAlerts: true, hasTouchScreen: false, javascriptEnabled: true, locationContextEnabled: true, mobileEmulationEnabled: false, nativeEvents: true, networkConnectionEnabled: false, pageLoadStrategy: normal, platform: MAC, platformName: MAC, rotatable: false, setWindowRect: true, takesHeapSnapshot: true, takesScreenshot: true, unexpectedAlertBehaviour: , unhandledPromptBehavior: , version: 78.0.3904.108, webStorageEnabled: true}
Session ID: 7cfbb6cc7b60c9ce9ebfdc34fb8be193
*** Element info: {Using=xpath, value=/html/body/div[1]/button}">
      <![CDATA[org.openqa.selenium.NoSuchElementException: no such element: Unable to locate element: {"method":"xpath","selector":"/html/body/div[1]/button"}
  (Session info: chrome=78.0.3904.108)
  (Driver info: chromedriver=2.43.600229 (3fae4d0cda5334b4f533bede5a4787f7b832d052),platform=Mac OS X 10.14.6 x86_64) (WARNING: The server did not provide any stacktrace information)
Command duration or timeout: 0 milliseconds
For documentation on this error, please visit: https://www.seleniumhq.org/exceptions/no_such_element.html
Build info: version: '3.141.59', revision: 'e82be7d358', time: '2018-11-14T08:17:03'
System info: host: 'Jayarees-MacBook-Pro.local', ip: 'fe80:0:0:0:1048:91aa:f103:ddd%en0', os.name: 'Mac OS X', os.arch: 'x86_64', os.version: '10.14.6', java.version: '1.8.0_191'
Driver info: org.openqa.selenium.chrome.ChromeDriver
Capabilities {acceptInsecureCerts: false, acceptSslCerts: false, applicationCacheEnabled: false, browserConnectionEnabled: false, browserName: chrome, chrome: {chromedriverVersion: 2.43.600229 (3fae4d0cda5334..., userDataDir: /var/folders/s6/h3svzd2j4f3...}, cssSelectorsEnabled: true, databaseEnabled: false, goog:chromeOptions: {debuggerAddress: localhost:61927}, handlesAlerts: true, hasTouchScreen: false, javascriptEnabled: true, locationContextEnabled: true, mobileEmulationEnabled: false, nativeEvents: true, networkConnectionEnabled: false, pageLoadStrategy: normal, platform: MAC, platformName: MAC, rotatable: false, setWindowRect: true, takesHeapSnapshot: true, takesScreenshot: true, unexpectedAlertBehaviour: , unhandledPromptBehavior: , version: 78.0.3904.108, webStorageEnabled: true}
Session ID: 7cfbb6cc7b60c9ce9ebfdc34fb8be193
*** Element info: {Using=xpath, value=/html/body/div[1]/button}
at sun.reflect.NativeConstructorAccessorImpl.newInstance0(Native Method)
at sun.reflect.NativeConstructorAccessorImpl.newInstance(NativeConstructorAccessorImpl.java:62)
at sun.reflect.DelegatingConstructorAccessorImpl.newInstance(DelegatingConstructorAccessorImpl.java:45)
at java.lang.reflect.Constructor.newInstance(Constructor.java:423)
at org.openqa.selenium.remote.ErrorHandler.createThrowable(ErrorHandler.java:214)
at org.openqa.selenium.remote.ErrorHandler.throwIfResponseFailed(ErrorHandler.java:166)
at org.openqa.selenium.remote.http.JsonHttpResponseCodec.reconstructValue(JsonHttpResponseCodec.java:40)
at org.openqa.selenium.remote.http.AbstractHttpResponseCodec.decode(AbstractHttpResponseCodec.java:80)
at org.openqa.selenium.remote.http.AbstractHttpResponseCodec.decode(AbstractHttpResponseCodec.java:44)
at org.openqa.selenium.remote.HttpCommandExecutor.execute(HttpCommandExecutor.java:158)
at org.openqa.selenium.remote.service.DriverCommandExecutor.execute(DriverCommandExecutor.java:83)
at org.openqa.selenium.remote.RemoteWebDriver.execute(RemoteWebDriver.java:552)
at org.openqa.selenium.remote.RemoteWebDriver.findElement(RemoteWebDriver.java:323)
at org.openqa.selenium.remote.RemoteWebDriver.findElementByXPath(RemoteWebDriver.java:428)
at org.openqa.selenium.By$ByXPath.findElement(By.java:353)
at org.openqa.selenium.remote.RemoteWebDriver.findElement(RemoteWebDriver.java:315)
at Stepdef.Popbitch.POPSMO15_Wallet_balance_same_on_reading_article.i_navigate_to_cornwall(POPSMO15_Wallet_balance_same_on_reading_article.java:169)
at sun.reflect.NativeMethodAccessorImpl.invoke0(Native Method)
at sun.reflect.NativeMethodAccessorImpl.invoke(NativeMethodAccessorImpl.java:62)
at sun.reflect.DelegatingMethodAccessorImpl.invoke(DelegatingMethodAccessorImpl.java:43)
at java.lang.reflect.Method.invoke(Method.java:498)
at org.testng.internal.MethodInvocationHelper.invokeMethod(MethodInvocationHelper.java:124)
at org.testng.internal.Invoker.invokeMethod(Invoker.java:583)
at org.testng.internal.Invoker.invokeTestMethod(Invoker.java:719)
at org.testng.internal.Invoker.invokeTestMethods(Invoker.java:989)
at org.testng.internal.TestMethodWorker.invokeTestMethods(TestMethodWorker.java:125)
at org.testng.internal.TestMethodWorker.run(TestMethodWorker.java:109)
at org.testng.TestRunner.privateRun(TestRunner.java:648)
at org.testng.TestRunner.run(TestRunner.java:505)
at org.testng.SuiteRunner.runTest(SuiteRunner.java:455)
at org.testng.SuiteRunner.runSequentially(SuiteRunner.java:450)
at org.testng.SuiteRunner.privateRun(SuiteRunner.java:415)
at org.testng.SuiteRunner.run(SuiteRunner.java:364)
at org.testng.SuiteRunnerWorker.runSuite(SuiteRunnerWorker.java:52)
at org.testng.SuiteRunnerWorker.run(SuiteRunnerWorker.java:84)
at org.testng.TestNG.runSuitesSequentially(TestNG.java:1208)
at org.testng.TestNG.runSuitesLocally(TestNG.java:1137)
at org.testng.TestNG.runSuites(TestNG.java:1049)
at org.testng.TestNG.run(TestNG.java:1017)
at org.testng.remote.AbstractRemoteTestNG.run(AbstractRemoteTestNG.java:114)
at org.testng.remote.RemoteTestNG.initAndRun(RemoteTestNG.java:251)
at org.testng.remote.RemoteTestNG.main(RemoteTestNG.java:77)
]]>
    </error>
  </testcase> <!-- i_navigate_to_cornwall -->
  <testcase name="i_check_in_wallet_balance_on_cornwall" time="4.174" classname="Stepdef.Popbitch.POPSMO15_Wallet_balance_same_on_reading_article"/>
  <testcase name="i_navigate_to_maidenhead" time="2.241" classname="Stepdef.Popbitch.POPSMO15_Wallet_balance_same_on_reading_article"/>
  <testcase name="i_check_in_wallet_balance_on_maidenhead" time="4.584" classname="Stepdef.Popbitch.POPSMO15_Wallet_balance_same_on_reading_article"/>
  <testcase name="i_navigate_to_slough" time="2.040" classname="Stepdef.Popbitch.POPSMO15_Wallet_balance_same_on_reading_article"/>
  <testcase name="i_check_in_wallet_balance_on_slough" time="4.204" classname="Stepdef.Popbitch.POPSMO15_Wallet_balance_same_on_reading_article"/>
  <testcase name="i_navigate_to_windsor" time="1.091" classname="Stepdef.Popbitch.POPSMO15_Wallet_balance_same_on_reading_article"/>
  <testcase name="i_check_in_wallet_balance_on_windsor" time="4.329" classname="Stepdef.Popbitch.POPSMO15_Wallet_balance_same_on_reading_article"/>
  <testcase name="i_navigate_to_grantham" time="3.359" classname="Stepdef.Popbitch.POPSMO15_Wallet_balance_same_on_reading_article"/>
  <testcase name="i_check_in_wallet_balance_on_grantham" time="4.350" classname="Stepdef.Popbitch.POPSMO15_Wallet_balance_same_on_reading_article"/>
  <testcase name="i_navigate_to_newbury" time="10.512" classname="Stepdef.Popbitch.POPSMO15_Wallet_balance_same_on_reading_article"/>
  <testcase name="i_check_in_wallet_balance_on_newbury" time="4.203" classname="Stepdef.Popbitch.POPSMO15_Wallet_balance_same_on_reading_article"/>
  <testcase name="i_navigate_to_scifi" time="4.497" classname="Stepdef.Popbitch.POPSMO15_Wallet_balance_same_on_reading_article"/>
  <testcase name="i_check_in_wallet_balance_on_scifi" time="4.331" classname="Stepdef.Popbitch.POPSMO15_Wallet_balance_same_on_reading_article"/>
  <testcase name="i_navigate_to_examiner" time="3.761" classname="Stepdef.Popbitch.POPSMO15_Wallet_balance_same_on_reading_article"/>
  <testcase name="i_check_in_wallet_balance_on_examiner" time="4.319" classname="Stepdef.Popbitch.POPSMO15_Wallet_balance_same_on_reading_article"/>
  <testcase name="the_wallet_balance_is_same_across_the_publications" time="0.003" classname="Stepdef.Popbitch.POPSMO15_Wallet_balance_same_on_reading_article">
    <failure type="java.lang.AssertionError" message="expected [9.75] but found [9.25]">
      <![CDATA[java.lang.AssertionError: expected [9.75] but found [9.25]
at org.testng.Assert.fail(Assert.java:96)
at org.testng.Assert.failNotEquals(Assert.java:776)
at org.testng.Assert.assertEqualsImpl(Assert.java:137)
at org.testng.Assert.assertEquals(Assert.java:118)
at org.testng.Assert.assertEquals(Assert.java:453)
at org.testng.Assert.assertEquals(Assert.java:463)
at Stepdef.Popbitch.POPSMO15_Wallet_balance_same_on_reading_article.the_wallet_balance_is_same_across_the_publications(POPSMO15_Wallet_balance_same_on_reading_article.java:304)
at sun.reflect.NativeMethodAccessorImpl.invoke0(Native Method)
at sun.reflect.NativeMethodAccessorImpl.invoke(NativeMethodAccessorImpl.java:62)
at sun.reflect.DelegatingMethodAccessorImpl.invoke(DelegatingMethodAccessorImpl.java:43)
at java.lang.reflect.Method.invoke(Method.java:498)
at org.testng.internal.MethodInvocationHelper.invokeMethod(MethodInvocationHelper.java:124)
at org.testng.internal.Invoker.invokeMethod(Invoker.java:583)
at org.testng.internal.Invoker.invokeTestMethod(Invoker.java:719)
at org.testng.internal.Invoker.invokeTestMethods(Invoker.java:989)
at org.testng.internal.TestMethodWorker.invokeTestMethods(TestMethodWorker.java:125)
at org.testng.internal.TestMethodWorker.run(TestMethodWorker.java:109)
at org.testng.TestRunner.privateRun(TestRunner.java:648)
at org.testng.TestRunner.run(TestRunner.java:505)
at org.testng.SuiteRunner.runTest(SuiteRunner.java:455)
at org.testng.SuiteRunner.runSequentially(SuiteRunner.java:450)
at org.testng.SuiteRunner.privateRun(SuiteRunner.java:415)
at org.testng.SuiteRunner.run(SuiteRunner.java:364)
at org.testng.SuiteRunnerWorker.runSuite(SuiteRunnerWorker.java:52)
at org.testng.SuiteRunnerWorker.run(SuiteRunnerWorker.java:84)
at org.testng.TestNG.runSuitesSequentially(TestNG.java:1208)
at org.testng.TestNG.runSuitesLocally(TestNG.java:1137)
at org.testng.TestNG.runSuites(TestNG.java:1049)
at org.testng.TestNG.run(TestNG.java:1017)
at org.testng.remote.AbstractRemoteTestNG.run(AbstractRemoteTestNG.java:114)
at org.testng.remote.RemoteTestNG.initAndRun(RemoteTestNG.java:251)
at org.testng.remote.RemoteTestNG.main(RemoteTestNG.java:77)
]]>
    </failure>
  </testcase> <!-- the_wallet_balance_is_same_across_the_publications -->
</testsuite> <!-- Stepdef.Popbitch.POPSMO15_Wallet_balance_same_on_reading_article -->
