<?xml version="1.0" encoding="UTF-8"?>
<!-- Generated by org.testng.reporters.JUnitReportReporter -->
<testsuite skipped="0" hostname="Jayarees-MacBook-Pro.local" name="Stepdef.cornwalllive.CORSMO19_Transaction_through_new_publication_notice" tests="9" failures="1" timestamp="27 Nov 2019 12:18:33 GMT" time="93.455" errors="0">
  <testcase name="i_am_a_user_of_Axate_and_I_am_on_the_registration_page_through_popbitch_FUN" time="6.668" classname="Stepdef.cornwalllive.CORSMO19_Transaction_through_new_publication_notice"/>
  <testcase name="i_register_successfully_on_popbitch_with_one_pound" time="29.019" classname="Stepdef.cornwalllive.CORSMO19_Transaction_through_new_publication_notice"/>
  <testcase name="click_ok_on_the_finish_notice" time="2.077" classname="Stepdef.cornwalllive.CORSMO19_Transaction_through_new_publication_notice"/>
  <testcase name="navigate_to_a_premium_article_on_cornwall" time="25.069" classname="Stepdef.cornwalllive.CORSMO19_Transaction_through_new_publication_notice"/>
  <testcase name="opt_just_charge_me_on_the_newpublication_notice_and_click_ok" time="20.145" classname="Stepdef.cornwalllive.CORSMO19_Transaction_through_new_publication_notice"/>
  <testcase name="twentyp_is_displayed_on_the_green_tab" time="0.067" classname="Stepdef.cornwalllive.CORSMO19_Transaction_through_new_publication_notice">
    <failure type="java.lang.AssertionError" message="expected [20] but found []">
      <![CDATA[java.lang.AssertionError: expected [20] but found []
at org.testng.Assert.fail(Assert.java:96)
at org.testng.Assert.failNotEquals(Assert.java:776)
at org.testng.Assert.assertEqualsImpl(Assert.java:137)
at org.testng.Assert.assertEquals(Assert.java:118)
at org.testng.Assert.assertEquals(Assert.java:453)
at org.testng.Assert.assertEquals(Assert.java:463)
at Stepdef.cornwalllive.CORSMO19_Transaction_through_new_publication_notice.twentyp_is_displayed_on_the_green_tab(CORSMO19_Transaction_through_new_publication_notice.java:142)
at sun.reflect.NativeMethodAccessorImpl.invoke0(Native Method)
at sun.reflect.NativeMethodAccessorImpl.invoke(NativeMethodAccessorImpl.java:62)
at sun.reflect.DelegatingMethodAccessorImpl.invoke(DelegatingMethodAccessorImpl.java:43)
at java.lang.reflect.Method.invoke(Method.java:498)
at org.testng.internal.MethodInvocationHelper.invokeMethod(MethodInvocationHelper.java:124)
at org.testng.internal.Invoker.invokeMethod(Invoker.java:583)
at org.testng.internal.Invoker.invokeTestMethod(Invoker.java:719)
at org.testng.internal.Invoker.invokeTestMethods(Invoker.java:989)
at org.testng.internal.TestMethodWorker.invokeTestMethods(TestMethodWorker.java:125)
at org.testng.internal.TestMethodWorker.run(TestMethodWorker.java:109)
at org.testng.TestRunner.privateRun(TestRunner.java:648)
at org.testng.TestRunner.run(TestRunner.java:505)
at org.testng.SuiteRunner.runTest(SuiteRunner.java:455)
at org.testng.SuiteRunner.runSequentially(SuiteRunner.java:450)
at org.testng.SuiteRunner.privateRun(SuiteRunner.java:415)
at org.testng.SuiteRunner.run(SuiteRunner.java:364)
at org.testng.SuiteRunnerWorker.runSuite(SuiteRunnerWorker.java:52)
at org.testng.SuiteRunnerWorker.run(SuiteRunnerWorker.java:84)
at org.testng.TestNG.runSuitesSequentially(TestNG.java:1208)
at org.testng.TestNG.runSuitesLocally(TestNG.java:1137)
at org.testng.TestNG.runSuites(TestNG.java:1049)
at org.testng.TestNG.run(TestNG.java:1017)
at org.testng.remote.AbstractRemoteTestNG.run(AbstractRemoteTestNG.java:114)
at org.testng.remote.RemoteTestNG.initAndRun(RemoteTestNG.java:251)
at org.testng.remote.RemoteTestNG.main(RemoteTestNG.java:77)
]]>
    </failure>
  </testcase> <!-- twentyp_is_displayed_on_the_green_tab -->
  <testcase name="wallet_balance_is_detucted_by_twentyp" time="6.212" classname="Stepdef.cornwalllive.CORSMO19_Transaction_through_new_publication_notice"/>
  <testcase name="free_point_is_detucted_by_twentyfivep" time="4.148" classname="Stepdef.cornwalllive.CORSMO19_Transaction_through_new_publication_notice"/>
  <testcase name="full_article_is_displayed_to_the_user" time="0.050" classname="Stepdef.cornwalllive.CORSMO19_Transaction_through_new_publication_notice"/>
</testsuite> <!-- Stepdef.cornwalllive.CORSMO19_Transaction_through_new_publication_notice -->
