<?xml version="1.0" encoding="UTF-8"?>
<!-- Generated by org.testng.reporters.JUnitXMLReporter -->
<testsuite hostname="Jayarees-MacBook-Pro.local" ignored="0" name="Smoke Tests" tests="51" failures="3" timestamp="11 Dec 2019 16:34:11 GMT" time="407.335" errors="0">
  <testcase name="i_am_a_user_of_Axate_and_I_am_on_the_registration_page_through_popbitch_FUN" time="7.613" classname="Stepdef.Popbitch.POPSMO15_Wallet_balance_same_on_reading_article"/>
  <testcase name="i_register_successfully_on_popbitch_with_three_pound" time="25.761" classname="Stepdef.Popbitch.POPSMO15_Wallet_balance_same_on_reading_article"/>
  <testcase name="i_read_an_article_on_popbitch" time="14.086" classname="Stepdef.Popbitch.POPSMO15_Wallet_balance_same_on_reading_article"/>
  <testcase name="i_check_in_wallet_balance_on_popbitch" time="4.151" classname="Stepdef.Popbitch.POPSMO15_Wallet_balance_same_on_reading_article"/>
  <testcase name="i_navigate_to_reaction" time="2.827" classname="Stepdef.Popbitch.POPSMO15_Wallet_balance_same_on_reading_article"/>
  <testcase name="i_check_in_wallet_balance_on_reaction" time="4.161" classname="Stepdef.Popbitch.POPSMO15_Wallet_balance_same_on_reading_article"/>
  <testcase name="i_navigate_to_cricketer" time="2.209" classname="Stepdef.Popbitch.POPSMO15_Wallet_balance_same_on_reading_article"/>
  <testcase name="i_check_in_wallet_balance_on_cricketer" time="4.231" classname="Stepdef.Popbitch.POPSMO15_Wallet_balance_same_on_reading_article"/>
  <testcase name="i_navigate_to_cornwall" time="30.359" classname="Stepdef.Popbitch.POPSMO15_Wallet_balance_same_on_reading_article">
    <failure type="org.openqa.selenium.NoSuchElementException" message="no such element: Unable to locate element: {&amp;quot;method&amp;quot;:&amp;quot;xpath&amp;quot;,&amp;quot;selector&amp;quot;:&amp;quot;/html/body/div[1]/button&amp;quot;}
  (Session info: chrome=78.0.3904.108)
  (Driver info: chromedriver=2.43.600229 (3fae4d0cda5334b4f533bede5a4787f7b832d052),platform=Mac OS X 10.14.6 x86_64) (WARNING: The server did not provide any stacktrace information)
Command duration or timeout: 0 milliseconds
For documentation on this error, please visit: https://www.seleniumhq.org/exceptions/no_such_element.html
Build info: version: &amp;apos;3.141.59&amp;apos;, revision: &amp;apos;e82be7d358&amp;apos;, time: &amp;apos;2018-11-14T08:17:03&amp;apos;
System info: host: &amp;apos;Jayarees-MacBook-Pro.local&amp;apos;, ip: &amp;apos;fe80:0:0:0:1048:91aa:f103:ddd%en0&amp;apos;, os.name: &amp;apos;Mac OS X&amp;apos;, os.arch: &amp;apos;x86_64&amp;apos;, os.version: &amp;apos;10.14.6&amp;apos;, java.version: &amp;apos;1.8.0_191&amp;apos;
Driver info: org.openqa.selenium.chrome.ChromeDriver
Capabilities {acceptInsecureCerts: false, acceptSslCerts: false, applicationCacheEnabled: false, browserConnectionEnabled: false, browserName: chrome, chrome: {chromedriverVersion: 2.43.600229 (3fae4d0cda5334..., userDataDir: /var/folders/s6/h3svzd2j4f3...}, cssSelectorsEnabled: true, databaseEnabled: false, goog:chromeOptions: {debuggerAddress: localhost:61927}, handlesAlerts: true, hasTouchScreen: false, javascriptEnabled: true, locationContextEnabled: true, mobileEmulationEnabled: false, nativeEvents: true, networkConnectionEnabled: false, pageLoadStrategy: normal, platform: MAC, platformName: MAC, rotatable: false, setWindowRect: true, takesHeapSnapshot: true, takesScreenshot: true, unexpectedAlertBehaviour: , unhandledPromptBehavior: , version: 78.0.3904.108, webStorageEnabled: true}
Session ID: 7cfbb6cc7b60c9ce9ebfdc34fb8be193
*** Element info: {Using=xpath, value=/html/body/div[1]/button}">
      <![CDATA[org.openqa.selenium.NoSuchElementException: no such element: Unable to locate element: {"method":"xpath","selector":"/html/body/div[1]/button"}
  (Session info: chrome=78.0.3904.108)
  (Driver info: chromedriver=2.43.600229 (3fae4d0cda5334b4f533bede5a4787f7b832d052),platform=Mac OS X 10.14.6 x86_64) (WARNING: The server did not provide any stacktrace information)
Command duration or timeout: 0 milliseconds
For documentation on this error, please visit: https://www.seleniumhq.org/exceptions/no_such_element.html
Build info: version: '3.141.59', revision: 'e82be7d358', time: '2018-11-14T08:17:03'
System info: host: 'Jayarees-MacBook-Pro.local', ip: 'fe80:0:0:0:1048:91aa:f103:ddd%en0', os.name: 'Mac OS X', os.arch: 'x86_64', os.version: '10.14.6', java.version: '1.8.0_191'
Driver info: org.openqa.selenium.chrome.ChromeDriver
Capabilities {acceptInsecureCerts: false, acceptSslCerts: false, applicationCacheEnabled: false, browserConnectionEnabled: false, browserName: chrome, chrome: {chromedriverVersion: 2.43.600229 (3fae4d0cda5334..., userDataDir: /var/folders/s6/h3svzd2j4f3...}, cssSelectorsEnabled: true, databaseEnabled: false, goog:chromeOptions: {debuggerAddress: localhost:61927}, handlesAlerts: true, hasTouchScreen: false, javascriptEnabled: true, locationContextEnabled: true, mobileEmulationEnabled: false, nativeEvents: true, networkConnectionEnabled: false, pageLoadStrategy: normal, platform: MAC, platformName: MAC, rotatable: false, setWindowRect: true, takesHeapSnapshot: true, takesScreenshot: true, unexpectedAlertBehaviour: , unhandledPromptBehavior: , version: 78.0.3904.108, webStorageEnabled: true}
Session ID: 7cfbb6cc7b60c9ce9ebfdc34fb8be193
*** Element info: {Using=xpath, value=/html/body/div[1]/button}
at org.openqa.selenium.remote.ErrorHandler.createThrowable(ErrorHandler.java:214)
at org.openqa.selenium.remote.ErrorHandler.throwIfResponseFailed(ErrorHandler.java:166)
at org.openqa.selenium.remote.http.JsonHttpResponseCodec.reconstructValue(JsonHttpResponseCodec.java:40)
at org.openqa.selenium.remote.http.AbstractHttpResponseCodec.decode(AbstractHttpResponseCodec.java:80)
at org.openqa.selenium.remote.http.AbstractHttpResponseCodec.decode(AbstractHttpResponseCodec.java:44)
at org.openqa.selenium.remote.HttpCommandExecutor.execute(HttpCommandExecutor.java:158)
at org.openqa.selenium.remote.service.DriverCommandExecutor.execute(DriverCommandExecutor.java:83)
at org.openqa.selenium.remote.RemoteWebDriver.execute(RemoteWebDriver.java:552)
at org.openqa.selenium.remote.RemoteWebDriver.findElement(RemoteWebDriver.java:323)
at org.openqa.selenium.remote.RemoteWebDriver.findElementByXPath(RemoteWebDriver.java:428)
at org.openqa.selenium.By$ByXPath.findElement(By.java:353)
at org.openqa.selenium.remote.RemoteWebDriver.findElement(RemoteWebDriver.java:315)
at Stepdef.Popbitch.POPSMO15_Wallet_balance_same_on_reading_article.i_navigate_to_cornwall(POPSMO15_Wallet_balance_same_on_reading_article.java:169)
... Removed 29 stack frames]]>
    </failure>
  </testcase> <!-- i_navigate_to_cornwall -->
  <testcase name="i_check_in_wallet_balance_on_cornwall" time="4.174" classname="Stepdef.Popbitch.POPSMO15_Wallet_balance_same_on_reading_article"/>
  <testcase name="i_navigate_to_maidenhead" time="2.241" classname="Stepdef.Popbitch.POPSMO15_Wallet_balance_same_on_reading_article"/>
  <testcase name="i_check_in_wallet_balance_on_maidenhead" time="4.584" classname="Stepdef.Popbitch.POPSMO15_Wallet_balance_same_on_reading_article"/>
  <testcase name="i_navigate_to_slough" time="2.04" classname="Stepdef.Popbitch.POPSMO15_Wallet_balance_same_on_reading_article"/>
  <testcase name="i_check_in_wallet_balance_on_slough" time="4.204" classname="Stepdef.Popbitch.POPSMO15_Wallet_balance_same_on_reading_article"/>
  <testcase name="i_navigate_to_windsor" time="1.091" classname="Stepdef.Popbitch.POPSMO15_Wallet_balance_same_on_reading_article"/>
  <testcase name="i_check_in_wallet_balance_on_windsor" time="4.329" classname="Stepdef.Popbitch.POPSMO15_Wallet_balance_same_on_reading_article"/>
  <testcase name="i_navigate_to_grantham" time="3.359" classname="Stepdef.Popbitch.POPSMO15_Wallet_balance_same_on_reading_article"/>
  <testcase name="i_check_in_wallet_balance_on_grantham" time="4.35" classname="Stepdef.Popbitch.POPSMO15_Wallet_balance_same_on_reading_article"/>
  <testcase name="i_navigate_to_newbury" time="10.512" classname="Stepdef.Popbitch.POPSMO15_Wallet_balance_same_on_reading_article"/>
  <testcase name="i_check_in_wallet_balance_on_newbury" time="4.203" classname="Stepdef.Popbitch.POPSMO15_Wallet_balance_same_on_reading_article"/>
  <testcase name="i_navigate_to_scifi" time="4.497" classname="Stepdef.Popbitch.POPSMO15_Wallet_balance_same_on_reading_article"/>
  <testcase name="i_check_in_wallet_balance_on_scifi" time="4.331" classname="Stepdef.Popbitch.POPSMO15_Wallet_balance_same_on_reading_article"/>
  <testcase name="i_navigate_to_examiner" time="3.761" classname="Stepdef.Popbitch.POPSMO15_Wallet_balance_same_on_reading_article"/>
  <testcase name="i_check_in_wallet_balance_on_examiner" time="4.319" classname="Stepdef.Popbitch.POPSMO15_Wallet_balance_same_on_reading_article"/>
  <testcase name="the_wallet_balance_is_same_across_the_publications" time="0.003" classname="Stepdef.Popbitch.POPSMO15_Wallet_balance_same_on_reading_article">
    <failure type="java.lang.AssertionError" message="expected [9.75] but found [9.25]">
      <![CDATA[java.lang.AssertionError: expected [9.75] but found [9.25]
at Stepdef.Popbitch.POPSMO15_Wallet_balance_same_on_reading_article.the_wallet_balance_is_same_across_the_publications(POPSMO15_Wallet_balance_same_on_reading_article.java:304)
... Removed 31 stack frames]]>
    </failure>
  </testcase> <!-- the_wallet_balance_is_same_across_the_publications -->
  <testcase name="i_am_a_user_of_Axate_and_I_am_on_the_registration_page_through_popbitch_FUN" time="11.054" classname="Stepdef.Popbitch.POPSMO17_transaction_from_finish_notice"/>
  <testcase name="i_register_successfully_on_popbitch_with_one_pound" time="31.49" classname="Stepdef.Popbitch.POPSMO17_transaction_from_finish_notice"/>
  <testcase name="opt_just_charge_me_on_the_finish_notice_and_click_ok" time="8.064" classname="Stepdef.Popbitch.POPSMO17_transaction_from_finish_notice"/>
  <testcase name="twentyfivep_is_displayed_on_the_green_tab" time="1.593" classname="Stepdef.Popbitch.POPSMO17_transaction_from_finish_notice"/>
  <testcase name="wallet_balance_is_detucted_by_twentyfivep" time="7.251" classname="Stepdef.Popbitch.POPSMO17_transaction_from_finish_notice"/>
  <testcase name="free_point_is_detucted_by_twentyfivep" time="2.152" classname="Stepdef.Popbitch.POPSMO17_transaction_from_finish_notice"/>
  <testcase name="i_am_a_user_of_Axate_and_I_am_on_the_registration_page_through_popbitch_FUN" time="12.019" classname="Stepdef.Popbitch.POPSMO18_transaction_from_authorise_charge_notice"/>
  <testcase name="i_register_successfully_on_popbitch_with_one_pound" time="31.36" classname="Stepdef.Popbitch.POPSMO18_transaction_from_authorise_charge_notice"/>
  <testcase name="opt_just_charge_me_on_the_finish_notice_and_click_ok" time="0.119" classname="Stepdef.Popbitch.POPSMO18_transaction_from_authorise_charge_notice"/>
  <testcase name="click_ok_on_the_authorise_charge_notice" time="1.245" classname="Stepdef.Popbitch.POPSMO18_transaction_from_authorise_charge_notice"/>
  <testcase name="wallet_balance_is_detucted_by_twentyfivep" time="6.125" classname="Stepdef.Popbitch.POPSMO18_transaction_from_authorise_charge_notice"/>
  <testcase name="free_point_is_detucted_by_twentyfivep" time="4.16" classname="Stepdef.Popbitch.POPSMO18_transaction_from_authorise_charge_notice"/>
  <testcase name="full_article_is_displayed_to_the_user" time="0.049" classname="Stepdef.Popbitch.POPSMO18_transaction_from_authorise_charge_notice"/>
  <testcase name="i_am_a_user_of_Axate_and_I_am_on_the_registration_page_through_popbitch_FUN" time="8.529" classname="Stepdef.Popbitch.POPSMO19_transaction_from_newpublication_notice"/>
  <testcase name="i_register_successfully_on_popbitch_with_one_pound" time="29.653" classname="Stepdef.Popbitch.POPSMO19_transaction_from_newpublication_notice"/>
  <testcase name="click_ok_on_the_finish_notice" time="6.082" classname="Stepdef.Popbitch.POPSMO19_transaction_from_newpublication_notice"/>
  <testcase name="navigate_to_a_premium_article_on_newbury" time="1.265" classname="Stepdef.Popbitch.POPSMO19_transaction_from_newpublication_notice"/>
  <testcase name="opt_just_charge_me_on_the_newpublication_notice_and_click_ok" time="25.197" classname="Stepdef.Popbitch.POPSMO19_transaction_from_newpublication_notice"/>
  <testcase name="wallet_balance_is_detucted_by_twentyp" time="9.267" classname="Stepdef.Popbitch.POPSMO19_transaction_from_newpublication_notice">
    <failure type="java.lang.AssertionError" message="expected [9.45] but found [9.75]">
      <![CDATA[java.lang.AssertionError: expected [9.45] but found [9.75]
at Stepdef.Popbitch.POPSMO19_transaction_from_newpublication_notice.wallet_balance_is_detucted_by_twentyp(POPSMO19_transaction_from_newpublication_notice.java:154)
... Removed 31 stack frames]]>
    </failure>
  </testcase> <!-- wallet_balance_is_detucted_by_twentyp -->
  <testcase name="free_point_is_detucted_by_twentyfivep" time="7.427" classname="Stepdef.Popbitch.POPSMO19_transaction_from_newpublication_notice"/>
  <testcase name="full_article_is_displayed_to_the_user" time="4.05" classname="Stepdef.Popbitch.POPSMO19_transaction_from_newpublication_notice"/>
  <testcase name="i_am_a_user_of_Axate_and_I_am_on_the_registration_page_through_popbitch_FUN" time="11.881" classname="Stepdef.Popbitch.POPSMO20_Unread_Updates_On_Date_Wallet_Back"/>
  <testcase name="i_register_successfully_on_popbitch_with_one_pound" time="21.201" classname="Stepdef.Popbitch.POPSMO20_Unread_Updates_On_Date_Wallet_Back"/>
  <testcase name="i_open_the_wallet" time="4.34" classname="Stepdef.Popbitch.POPSMO20_Unread_Updates_On_Date_Wallet_Back"/>
  <testcase name="i_flip_the_wallet" time="2.178" classname="Stepdef.Popbitch.POPSMO20_Unread_Updates_On_Date_Wallet_Back"/>
  <testcase name="the_updates_on_date_on_the_back_of_the_wallet_is_sevendaysdays_from_current_datetime" time="2.109" classname="Stepdef.Popbitch.POPSMO20_Unread_Updates_On_Date_Wallet_Back"/>
</testsuite> <!-- Smoke Tests -->
